<?xml version="1.0" encoding="UTF-8"?>
<testsuite xmlns:xsi="http://www.w3.org/2001/XMLSchema-instance" xsi:noNamespaceSchemaLocation="https://maven.apache.org/surefire/maven-surefire-plugin/xsd/surefire-test-report.xsd" name="com.zhss.springboot.dao.UserDAOImplTest" time="7.131" tests="5" errors="0" skipped="0" failures="0">
  <properties>
    <property name="gopherProxySet" value="false"/>
    <property name="awt.toolkit" value="sun.lwawt.macosx.LWCToolkit"/>
    <property name="file.encoding.pkg" value="sun.io"/>
    <property name="java.specification.version" value="1.8"/>
    <property name="sun.cpu.isalist" value=""/>
    <property name="sun.jnu.encoding" value="UTF-8"/>
    <property name="java.class.path" value="/development/eclipse/eclipse-workspace/springboot-demo/target/test-classes:/development/eclipse/eclipse-workspace/springboot-demo/target/classes:/Users/liuguangfu/Documents/maven/apache-maven-3.5.4/repository/org/springframework/boot/spring-boot-starter-web/1.5.9.RELEASE/spring-boot-starter-web-1.5.9.RELEASE.jar:/Users/liuguangfu/Documents/maven/apache-maven-3.5.4/repository/org/springframework/boot/spring-boot-starter/1.5.9.RELEASE/spring-boot-starter-1.5.9.RELEASE.jar:/Users/liuguangfu/Documents/maven/apache-maven-3.5.4/repository/org/springframework/boot/spring-boot-starter-logging/1.5.9.RELEASE/spring-boot-starter-logging-1.5.9.RELEASE.jar:/Users/liuguangfu/Documents/maven/apache-maven-3.5.4/repository/ch/qos/logback/logback-classic/1.1.11/logback-classic-1.1.11.jar:/Users/liuguangfu/Documents/maven/apache-maven-3.5.4/repository/ch/qos/logback/logback-core/1.1.11/logback-core-1.1.11.jar:/Users/liuguangfu/Documents/maven/apache-maven-3.5.4/repository/org/slf4j/jul-to-slf4j/1.7.25/jul-to-slf4j-1.7.25.jar:/Users/liuguangfu/Documents/maven/apache-maven-3.5.4/repository/org/slf4j/log4j-over-slf4j/1.7.25/log4j-over-slf4j-1.7.25.jar:/Users/liuguangfu/Documents/maven/apache-maven-3.5.4/repository/org/yaml/snakeyaml/1.17/snakeyaml-1.17.jar:/Users/liuguangfu/Documents/maven/apache-maven-3.5.4/repository/org/springframework/boot/spring-boot-starter-tomcat/1.5.9.RELEASE/spring-boot-starter-tomcat-1.5.9.RELEASE.jar:/Users/liuguangfu/Documents/maven/apache-maven-3.5.4/repository/org/apache/tomcat/embed/tomcat-embed-core/8.5.23/tomcat-embed-core-8.5.23.jar:/Users/liuguangfu/Documents/maven/apache-maven-3.5.4/repository/org/apache/tomcat/tomcat-annotations-api/8.5.23/tomcat-annotations-api-8.5.23.jar:/Users/liuguangfu/Documents/maven/apache-maven-3.5.4/repository/org/apache/tomcat/embed/tomcat-embed-el/8.5.23/tomcat-embed-el-8.5.23.jar:/Users/liuguangfu/Documents/maven/apache-maven-3.5.4/repository/org/apache/tomcat/embed/tomcat-embed-websocket/8.5.23/tomcat-embed-websocket-8.5.23.jar:/Users/liuguangfu/Documents/maven/apache-maven-3.5.4/repository/org/hibernate/hibernate-validator/5.3.6.Final/hibernate-validator-5.3.6.Final.jar:/Users/liuguangfu/Documents/maven/apache-maven-3.5.4/repository/javax/validation/validation-api/1.1.0.Final/validation-api-1.1.0.Final.jar:/Users/liuguangfu/Documents/maven/apache-maven-3.5.4/repository/org/jboss/logging/jboss-logging/3.3.1.Final/jboss-logging-3.3.1.Final.jar:/Users/liuguangfu/Documents/maven/apache-maven-3.5.4/repository/com/fasterxml/classmate/1.3.4/classmate-1.3.4.jar:/Users/liuguangfu/Documents/maven/apache-maven-3.5.4/repository/com/fasterxml/jackson/core/jackson-databind/2.8.10/jackson-databind-2.8.10.jar:/Users/liuguangfu/Documents/maven/apache-maven-3.5.4/repository/com/fasterxml/jackson/core/jackson-annotations/2.8.0/jackson-annotations-2.8.0.jar:/Users/liuguangfu/Documents/maven/apache-maven-3.5.4/repository/com/fasterxml/jackson/core/jackson-core/2.8.10/jackson-core-2.8.10.jar:/Users/liuguangfu/Documents/maven/apache-maven-3.5.4/repository/org/springframework/spring-web/4.3.13.RELEASE/spring-web-4.3.13.RELEASE.jar:/Users/liuguangfu/Documents/maven/apache-maven-3.5.4/repository/org/springframework/spring-aop/4.3.13.RELEASE/spring-aop-4.3.13.RELEASE.jar:/Users/liuguangfu/Documents/maven/apache-maven-3.5.4/repository/org/springframework/spring-beans/4.3.13.RELEASE/spring-beans-4.3.13.RELEASE.jar:/Users/liuguangfu/Documents/maven/apache-maven-3.5.4/repository/org/springframework/spring-context/4.3.13.RELEASE/spring-context-4.3.13.RELEASE.jar:/Users/liuguangfu/Documents/maven/apache-maven-3.5.4/repository/org/springframework/spring-webmvc/4.3.13.RELEASE/spring-webmvc-4.3.13.RELEASE.jar:/Users/liuguangfu/Documents/maven/apache-maven-3.5.4/repository/org/springframework/spring-expression/4.3.13.RELEASE/spring-expression-4.3.13.RELEASE.jar:/Users/liuguangfu/Documents/maven/apache-maven-3.5.4/repository/org/springframework/boot/spring-boot-devtools/1.5.9.RELEASE/spring-boot-devtools-1.5.9.RELEASE.jar:/Users/liuguangfu/Documents/maven/apache-maven-3.5.4/repository/org/springframework/boot/spring-boot/1.5.9.RELEASE/spring-boot-1.5.9.RELEASE.jar:/Users/liuguangfu/Documents/maven/apache-maven-3.5.4/repository/org/springframework/boot/spring-boot-autoconfigure/1.5.9.RELEASE/spring-boot-autoconfigure-1.5.9.RELEASE.jar:/Users/liuguangfu/Documents/maven/apache-maven-3.5.4/repository/org/mybatis/spring/boot/mybatis-spring-boot-starter/1.3.1/mybatis-spring-boot-starter-1.3.1.jar:/Users/liuguangfu/Documents/maven/apache-maven-3.5.4/repository/org/mybatis/spring/boot/mybatis-spring-boot-autoconfigure/1.3.1/mybatis-spring-boot-autoconfigure-1.3.1.jar:/Users/liuguangfu/Documents/maven/apache-maven-3.5.4/repository/org/mybatis/mybatis/3.4.5/mybatis-3.4.5.jar:/Users/liuguangfu/Documents/maven/apache-maven-3.5.4/repository/org/mybatis/mybatis-spring/1.3.1/mybatis-spring-1.3.1.jar:/Users/liuguangfu/Documents/maven/apache-maven-3.5.4/repository/mysql/mysql-connector-java/5.1.44/mysql-connector-java-5.1.44.jar:/Users/liuguangfu/Documents/maven/apache-maven-3.5.4/repository/org/springframework/boot/spring-boot-starter-data-jpa/1.5.9.RELEASE/spring-boot-starter-data-jpa-1.5.9.RELEASE.jar:/Users/liuguangfu/Documents/maven/apache-maven-3.5.4/repository/org/springframework/boot/spring-boot-starter-aop/1.5.9.RELEASE/spring-boot-starter-aop-1.5.9.RELEASE.jar:/Users/liuguangfu/Documents/maven/apache-maven-3.5.4/repository/org/aspectj/aspectjweaver/1.8.13/aspectjweaver-1.8.13.jar:/Users/liuguangfu/Documents/maven/apache-maven-3.5.4/repository/org/hibernate/hibernate-core/5.0.12.Final/hibernate-core-5.0.12.Final.jar:/Users/liuguangfu/Documents/maven/apache-maven-3.5.4/repository/org/hibernate/javax/persistence/hibernate-jpa-2.1-api/1.0.0.Final/hibernate-jpa-2.1-api-1.0.0.Final.jar:/Users/liuguangfu/Documents/maven/apache-maven-3.5.4/repository/org/javassist/javassist/3.21.0-GA/javassist-3.21.0-GA.jar:/Users/liuguangfu/Documents/maven/apache-maven-3.5.4/repository/antlr/antlr/2.7.7/antlr-2.7.7.jar:/Users/liuguangfu/Documents/maven/apache-maven-3.5.4/repository/org/jboss/jandex/2.0.0.Final/jandex-2.0.0.Final.jar:/Users/liuguangfu/Documents/maven/apache-maven-3.5.4/repository/dom4j/dom4j/1.6.1/dom4j-1.6.1.jar:/Users/liuguangfu/Documents/maven/apache-maven-3.5.4/repository/org/hibernate/common/hibernate-commons-annotations/5.0.1.Final/hibernate-commons-annotations-5.0.1.Final.jar:/Users/liuguangfu/Documents/maven/apache-maven-3.5.4/repository/org/hibernate/hibernate-entitymanager/5.0.12.Final/hibernate-entitymanager-5.0.12.Final.jar:/Users/liuguangfu/Documents/maven/apache-maven-3.5.4/repository/javax/transaction/javax.transaction-api/1.2/javax.transaction-api-1.2.jar:/Users/liuguangfu/Documents/maven/apache-maven-3.5.4/repository/org/springframework/data/spring-data-jpa/1.11.9.RELEASE/spring-data-jpa-1.11.9.RELEASE.jar:/Users/liuguangfu/Documents/maven/apache-maven-3.5.4/repository/org/springframework/data/spring-data-commons/1.13.9.RELEASE/spring-data-commons-1.13.9.RELEASE.jar:/Users/liuguangfu/Documents/maven/apache-maven-3.5.4/repository/org/springframework/spring-orm/4.3.13.RELEASE/spring-orm-4.3.13.RELEASE.jar:/Users/liuguangfu/Documents/maven/apache-maven-3.5.4/repository/org/springframework/spring-tx/4.3.13.RELEASE/spring-tx-4.3.13.RELEASE.jar:/Users/liuguangfu/Documents/maven/apache-maven-3.5.4/repository/org/slf4j/slf4j-api/1.7.25/slf4j-api-1.7.25.jar:/Users/liuguangfu/Documents/maven/apache-maven-3.5.4/repository/org/slf4j/jcl-over-slf4j/1.7.25/jcl-over-slf4j-1.7.25.jar:/Users/liuguangfu/Documents/maven/apache-maven-3.5.4/repository/org/springframework/spring-aspects/4.3.13.RELEASE/spring-aspects-4.3.13.RELEASE.jar:/Users/liuguangfu/Documents/maven/apache-maven-3.5.4/repository/com/alibaba/druid/1.1.6/druid-1.1.6.jar:/Users/liuguangfu/Documents/maven/apache-maven-3.5.4/repository/com/alibaba/fastjson/1.2.45/fastjson-1.2.45.jar:/Users/liuguangfu/Documents/maven/apache-maven-3.5.4/repository/org/springframework/boot/spring-boot-starter-jdbc/1.5.9.RELEASE/spring-boot-starter-jdbc-1.5.9.RELEASE.jar:/Users/liuguangfu/Documents/maven/apache-maven-3.5.4/repository/org/apache/tomcat/tomcat-jdbc/8.5.23/tomcat-jdbc-8.5.23.jar:/Users/liuguangfu/Documents/maven/apache-maven-3.5.4/repository/org/apache/tomcat/tomcat-juli/8.5.23/tomcat-juli-8.5.23.jar:/Users/liuguangfu/Documents/maven/apache-maven-3.5.4/repository/org/springframework/spring-jdbc/4.3.13.RELEASE/spring-jdbc-4.3.13.RELEASE.jar:/Users/liuguangfu/Documents/maven/apache-maven-3.5.4/repository/org/springframework/boot/spring-boot-starter-test/1.5.9.RELEASE/spring-boot-starter-test-1.5.9.RELEASE.jar:/Users/liuguangfu/Documents/maven/apache-maven-3.5.4/repository/org/springframework/boot/spring-boot-test/1.5.9.RELEASE/spring-boot-test-1.5.9.RELEASE.jar:/Users/liuguangfu/Documents/maven/apache-maven-3.5.4/repository/org/springframework/boot/spring-boot-test-autoconfigure/1.5.9.RELEASE/spring-boot-test-autoconfigure-1.5.9.RELEASE.jar:/Users/liuguangfu/Documents/maven/apache-maven-3.5.4/repository/com/jayway/jsonpath/json-path/2.2.0/json-path-2.2.0.jar:/Users/liuguangfu/Documents/maven/apache-maven-3.5.4/repository/net/minidev/json-smart/2.2.1/json-smart-2.2.1.jar:/Users/liuguangfu/Documents/maven/apache-maven-3.5.4/repository/net/minidev/accessors-smart/1.1/accessors-smart-1.1.jar:/Users/liuguangfu/Documents/maven/apache-maven-3.5.4/repository/org/ow2/asm/asm/5.0.3/asm-5.0.3.jar:/Users/liuguangfu/Documents/maven/apache-maven-3.5.4/repository/junit/junit/4.12/junit-4.12.jar:/Users/liuguangfu/Documents/maven/apache-maven-3.5.4/repository/org/assertj/assertj-core/2.6.0/assertj-core-2.6.0.jar:/Users/liuguangfu/Documents/maven/apache-maven-3.5.4/repository/org/mockito/mockito-core/1.10.19/mockito-core-1.10.19.jar:/Users/liuguangfu/Documents/maven/apache-maven-3.5.4/repository/org/objenesis/objenesis/2.1/objenesis-2.1.jar:/Users/liuguangfu/Documents/maven/apache-maven-3.5.4/repository/org/hamcrest/hamcrest-core/1.3/hamcrest-core-1.3.jar:/Users/liuguangfu/Documents/maven/apache-maven-3.5.4/repository/org/hamcrest/hamcrest-library/1.3/hamcrest-library-1.3.jar:/Users/liuguangfu/Documents/maven/apache-maven-3.5.4/repository/org/skyscreamer/jsonassert/1.4.0/jsonassert-1.4.0.jar:/Users/liuguangfu/Documents/maven/apache-maven-3.5.4/repository/com/vaadin/external/google/android-json/0.0.20131108.vaadin1/android-json-0.0.20131108.vaadin1.jar:/Users/liuguangfu/Documents/maven/apache-maven-3.5.4/repository/org/springframework/spring-core/4.3.13.RELEASE/spring-core-4.3.13.RELEASE.jar:/Users/liuguangfu/Documents/maven/apache-maven-3.5.4/repository/org/springframework/spring-test/4.3.13.RELEASE/spring-test-4.3.13.RELEASE.jar:/Users/liuguangfu/Documents/maven/apache-maven-3.5.4/repository/org/springframework/boot/spring-boot-starter-actuator/1.5.9.RELEASE/spring-boot-starter-actuator-1.5.9.RELEASE.jar:/Users/liuguangfu/Documents/maven/apache-maven-3.5.4/repository/org/springframework/boot/spring-boot-actuator/1.5.9.RELEASE/spring-boot-actuator-1.5.9.RELEASE.jar:/Users/liuguangfu/Documents/maven/apache-maven-3.5.4/repository/org/projectlombok/lombok/1.16.10/lombok-1.16.10.jar:"/>
    <property name="java.vm.vendor" value="Oracle Corporation"/>
    <property name="sun.arch.data.model" value="64"/>
    <property name="java.vendor.url" value="http://java.oracle.com/"/>
    <property name="user.timezone" value=""/>
    <property name="java.vm.specification.version" value="1.8"/>
    <property name="os.name" value="Mac OS X"/>
    <property name="user.country" value="CN"/>
    <property name="sun.java.launcher" value="SUN_STANDARD"/>
    <property name="sun.boot.library.path" value="/Library/Java/JavaVirtualMachines/jdk1.8.0_152.jdk/Contents/Home/jre/lib"/>
    <property name="sun.java.command" value="/development/eclipse/eclipse-workspace/springboot-demo/target/surefire/surefirebooter1041604894962222676.jar /development/eclipse/eclipse-workspace/springboot-demo/target/surefire 2020-08-10T14-53-20_555-jvmRun1 surefire3974441459972186813tmp surefire_05731842956934310182tmp"/>
    <property name="surefire.test.class.path" value="/development/eclipse/eclipse-workspace/springboot-demo/target/test-classes:/development/eclipse/eclipse-workspace/springboot-demo/target/classes:/Users/liuguangfu/Documents/maven/apache-maven-3.5.4/repository/org/springframework/boot/spring-boot-starter-web/1.5.9.RELEASE/spring-boot-starter-web-1.5.9.RELEASE.jar:/Users/liuguangfu/Documents/maven/apache-maven-3.5.4/repository/org/springframework/boot/spring-boot-starter/1.5.9.RELEASE/spring-boot-starter-1.5.9.RELEASE.jar:/Users/liuguangfu/Documents/maven/apache-maven-3.5.4/repository/org/springframework/boot/spring-boot-starter-logging/1.5.9.RELEASE/spring-boot-starter-logging-1.5.9.RELEASE.jar:/Users/liuguangfu/Documents/maven/apache-maven-3.5.4/repository/ch/qos/logback/logback-classic/1.1.11/logback-classic-1.1.11.jar:/Users/liuguangfu/Documents/maven/apache-maven-3.5.4/repository/ch/qos/logback/logback-core/1.1.11/logback-core-1.1.11.jar:/Users/liuguangfu/Documents/maven/apache-maven-3.5.4/repository/org/slf4j/jul-to-slf4j/1.7.25/jul-to-slf4j-1.7.25.jar:/Users/liuguangfu/Documents/maven/apache-maven-3.5.4/repository/org/slf4j/log4j-over-slf4j/1.7.25/log4j-over-slf4j-1.7.25.jar:/Users/liuguangfu/Documents/maven/apache-maven-3.5.4/repository/org/yaml/snakeyaml/1.17/snakeyaml-1.17.jar:/Users/liuguangfu/Documents/maven/apache-maven-3.5.4/repository/org/springframework/boot/spring-boot-starter-tomcat/1.5.9.RELEASE/spring-boot-starter-tomcat-1.5.9.RELEASE.jar:/Users/liuguangfu/Documents/maven/apache-maven-3.5.4/repository/org/apache/tomcat/embed/tomcat-embed-core/8.5.23/tomcat-embed-core-8.5.23.jar:/Users/liuguangfu/Documents/maven/apache-maven-3.5.4/repository/org/apache/tomcat/tomcat-annotations-api/8.5.23/tomcat-annotations-api-8.5.23.jar:/Users/liuguangfu/Documents/maven/apache-maven-3.5.4/repository/org/apache/tomcat/embed/tomcat-embed-el/8.5.23/tomcat-embed-el-8.5.23.jar:/Users/liuguangfu/Documents/maven/apache-maven-3.5.4/repository/org/apache/tomcat/embed/tomcat-embed-websocket/8.5.23/tomcat-embed-websocket-8.5.23.jar:/Users/liuguangfu/Documents/maven/apache-maven-3.5.4/repository/org/hibernate/hibernate-validator/5.3.6.Final/hibernate-validator-5.3.6.Final.jar:/Users/liuguangfu/Documents/maven/apache-maven-3.5.4/repository/javax/validation/validation-api/1.1.0.Final/validation-api-1.1.0.Final.jar:/Users/liuguangfu/Documents/maven/apache-maven-3.5.4/repository/org/jboss/logging/jboss-logging/3.3.1.Final/jboss-logging-3.3.1.Final.jar:/Users/liuguangfu/Documents/maven/apache-maven-3.5.4/repository/com/fasterxml/classmate/1.3.4/classmate-1.3.4.jar:/Users/liuguangfu/Documents/maven/apache-maven-3.5.4/repository/com/fasterxml/jackson/core/jackson-databind/2.8.10/jackson-databind-2.8.10.jar:/Users/liuguangfu/Documents/maven/apache-maven-3.5.4/repository/com/fasterxml/jackson/core/jackson-annotations/2.8.0/jackson-annotations-2.8.0.jar:/Users/liuguangfu/Documents/maven/apache-maven-3.5.4/repository/com/fasterxml/jackson/core/jackson-core/2.8.10/jackson-core-2.8.10.jar:/Users/liuguangfu/Documents/maven/apache-maven-3.5.4/repository/org/springframework/spring-web/4.3.13.RELEASE/spring-web-4.3.13.RELEASE.jar:/Users/liuguangfu/Documents/maven/apache-maven-3.5.4/repository/org/springframework/spring-aop/4.3.13.RELEASE/spring-aop-4.3.13.RELEASE.jar:/Users/liuguangfu/Documents/maven/apache-maven-3.5.4/repository/org/springframework/spring-beans/4.3.13.RELEASE/spring-beans-4.3.13.RELEASE.jar:/Users/liuguangfu/Documents/maven/apache-maven-3.5.4/repository/org/springframework/spring-context/4.3.13.RELEASE/spring-context-4.3.13.RELEASE.jar:/Users/liuguangfu/Documents/maven/apache-maven-3.5.4/repository/org/springframework/spring-webmvc/4.3.13.RELEASE/spring-webmvc-4.3.13.RELEASE.jar:/Users/liuguangfu/Documents/maven/apache-maven-3.5.4/repository/org/springframework/spring-expression/4.3.13.RELEASE/spring-expression-4.3.13.RELEASE.jar:/Users/liuguangfu/Documents/maven/apache-maven-3.5.4/repository/org/springframework/boot/spring-boot-devtools/1.5.9.RELEASE/spring-boot-devtools-1.5.9.RELEASE.jar:/Users/liuguangfu/Documents/maven/apache-maven-3.5.4/repository/org/springframework/boot/spring-boot/1.5.9.RELEASE/spring-boot-1.5.9.RELEASE.jar:/Users/liuguangfu/Documents/maven/apache-maven-3.5.4/repository/org/springframework/boot/spring-boot-autoconfigure/1.5.9.RELEASE/spring-boot-autoconfigure-1.5.9.RELEASE.jar:/Users/liuguangfu/Documents/maven/apache-maven-3.5.4/repository/org/mybatis/spring/boot/mybatis-spring-boot-starter/1.3.1/mybatis-spring-boot-starter-1.3.1.jar:/Users/liuguangfu/Documents/maven/apache-maven-3.5.4/repository/org/mybatis/spring/boot/mybatis-spring-boot-autoconfigure/1.3.1/mybatis-spring-boot-autoconfigure-1.3.1.jar:/Users/liuguangfu/Documents/maven/apache-maven-3.5.4/repository/org/mybatis/mybatis/3.4.5/mybatis-3.4.5.jar:/Users/liuguangfu/Documents/maven/apache-maven-3.5.4/repository/org/mybatis/mybatis-spring/1.3.1/mybatis-spring-1.3.1.jar:/Users/liuguangfu/Documents/maven/apache-maven-3.5.4/repository/mysql/mysql-connector-java/5.1.44/mysql-connector-java-5.1.44.jar:/Users/liuguangfu/Documents/maven/apache-maven-3.5.4/repository/org/springframework/boot/spring-boot-starter-data-jpa/1.5.9.RELEASE/spring-boot-starter-data-jpa-1.5.9.RELEASE.jar:/Users/liuguangfu/Documents/maven/apache-maven-3.5.4/repository/org/springframework/boot/spring-boot-starter-aop/1.5.9.RELEASE/spring-boot-starter-aop-1.5.9.RELEASE.jar:/Users/liuguangfu/Documents/maven/apache-maven-3.5.4/repository/org/aspectj/aspectjweaver/1.8.13/aspectjweaver-1.8.13.jar:/Users/liuguangfu/Documents/maven/apache-maven-3.5.4/repository/org/hibernate/hibernate-core/5.0.12.Final/hibernate-core-5.0.12.Final.jar:/Users/liuguangfu/Documents/maven/apache-maven-3.5.4/repository/org/hibernate/javax/persistence/hibernate-jpa-2.1-api/1.0.0.Final/hibernate-jpa-2.1-api-1.0.0.Final.jar:/Users/liuguangfu/Documents/maven/apache-maven-3.5.4/repository/org/javassist/javassist/3.21.0-GA/javassist-3.21.0-GA.jar:/Users/liuguangfu/Documents/maven/apache-maven-3.5.4/repository/antlr/antlr/2.7.7/antlr-2.7.7.jar:/Users/liuguangfu/Documents/maven/apache-maven-3.5.4/repository/org/jboss/jandex/2.0.0.Final/jandex-2.0.0.Final.jar:/Users/liuguangfu/Documents/maven/apache-maven-3.5.4/repository/dom4j/dom4j/1.6.1/dom4j-1.6.1.jar:/Users/liuguangfu/Documents/maven/apache-maven-3.5.4/repository/org/hibernate/common/hibernate-commons-annotations/5.0.1.Final/hibernate-commons-annotations-5.0.1.Final.jar:/Users/liuguangfu/Documents/maven/apache-maven-3.5.4/repository/org/hibernate/hibernate-entitymanager/5.0.12.Final/hibernate-entitymanager-5.0.12.Final.jar:/Users/liuguangfu/Documents/maven/apache-maven-3.5.4/repository/javax/transaction/javax.transaction-api/1.2/javax.transaction-api-1.2.jar:/Users/liuguangfu/Documents/maven/apache-maven-3.5.4/repository/org/springframework/data/spring-data-jpa/1.11.9.RELEASE/spring-data-jpa-1.11.9.RELEASE.jar:/Users/liuguangfu/Documents/maven/apache-maven-3.5.4/repository/org/springframework/data/spring-data-commons/1.13.9.RELEASE/spring-data-commons-1.13.9.RELEASE.jar:/Users/liuguangfu/Documents/maven/apache-maven-3.5.4/repository/org/springframework/spring-orm/4.3.13.RELEASE/spring-orm-4.3.13.RELEASE.jar:/Users/liuguangfu/Documents/maven/apache-maven-3.5.4/repository/org/springframework/spring-tx/4.3.13.RELEASE/spring-tx-4.3.13.RELEASE.jar:/Users/liuguangfu/Documents/maven/apache-maven-3.5.4/repository/org/slf4j/slf4j-api/1.7.25/slf4j-api-1.7.25.jar:/Users/liuguangfu/Documents/maven/apache-maven-3.5.4/repository/org/slf4j/jcl-over-slf4j/1.7.25/jcl-over-slf4j-1.7.25.jar:/Users/liuguangfu/Documents/maven/apache-maven-3.5.4/repository/org/springframework/spring-aspects/4.3.13.RELEASE/spring-aspects-4.3.13.RELEASE.jar:/Users/liuguangfu/Documents/maven/apache-maven-3.5.4/repository/com/alibaba/druid/1.1.6/druid-1.1.6.jar:/Users/liuguangfu/Documents/maven/apache-maven-3.5.4/repository/com/alibaba/fastjson/1.2.45/fastjson-1.2.45.jar:/Users/liuguangfu/Documents/maven/apache-maven-3.5.4/repository/org/springframework/boot/spring-boot-starter-jdbc/1.5.9.RELEASE/spring-boot-starter-jdbc-1.5.9.RELEASE.jar:/Users/liuguangfu/Documents/maven/apache-maven-3.5.4/repository/org/apache/tomcat/tomcat-jdbc/8.5.23/tomcat-jdbc-8.5.23.jar:/Users/liuguangfu/Documents/maven/apache-maven-3.5.4/repository/org/apache/tomcat/tomcat-juli/8.5.23/tomcat-juli-8.5.23.jar:/Users/liuguangfu/Documents/maven/apache-maven-3.5.4/repository/org/springframework/spring-jdbc/4.3.13.RELEASE/spring-jdbc-4.3.13.RELEASE.jar:/Users/liuguangfu/Documents/maven/apache-maven-3.5.4/repository/org/springframework/boot/spring-boot-starter-test/1.5.9.RELEASE/spring-boot-starter-test-1.5.9.RELEASE.jar:/Users/liuguangfu/Documents/maven/apache-maven-3.5.4/repository/org/springframework/boot/spring-boot-test/1.5.9.RELEASE/spring-boot-test-1.5.9.RELEASE.jar:/Users/liuguangfu/Documents/maven/apache-maven-3.5.4/repository/org/springframework/boot/spring-boot-test-autoconfigure/1.5.9.RELEASE/spring-boot-test-autoconfigure-1.5.9.RELEASE.jar:/Users/liuguangfu/Documents/maven/apache-maven-3.5.4/repository/com/jayway/jsonpath/json-path/2.2.0/json-path-2.2.0.jar:/Users/liuguangfu/Documents/maven/apache-maven-3.5.4/repository/net/minidev/json-smart/2.2.1/json-smart-2.2.1.jar:/Users/liuguangfu/Documents/maven/apache-maven-3.5.4/repository/net/minidev/accessors-smart/1.1/accessors-smart-1.1.jar:/Users/liuguangfu/Documents/maven/apache-maven-3.5.4/repository/org/ow2/asm/asm/5.0.3/asm-5.0.3.jar:/Users/liuguangfu/Documents/maven/apache-maven-3.5.4/repository/junit/junit/4.12/junit-4.12.jar:/Users/liuguangfu/Documents/maven/apache-maven-3.5.4/repository/org/assertj/assertj-core/2.6.0/assertj-core-2.6.0.jar:/Users/liuguangfu/Documents/maven/apache-maven-3.5.4/repository/org/mockito/mockito-core/1.10.19/mockito-core-1.10.19.jar:/Users/liuguangfu/Documents/maven/apache-maven-3.5.4/repository/org/objenesis/objenesis/2.1/objenesis-2.1.jar:/Users/liuguangfu/Documents/maven/apache-maven-3.5.4/repository/org/hamcrest/hamcrest-core/1.3/hamcrest-core-1.3.jar:/Users/liuguangfu/Documents/maven/apache-maven-3.5.4/repository/org/hamcrest/hamcrest-library/1.3/hamcrest-library-1.3.jar:/Users/liuguangfu/Documents/maven/apache-maven-3.5.4/repository/org/skyscreamer/jsonassert/1.4.0/jsonassert-1.4.0.jar:/Users/liuguangfu/Documents/maven/apache-maven-3.5.4/repository/com/vaadin/external/google/android-json/0.0.20131108.vaadin1/android-json-0.0.20131108.vaadin1.jar:/Users/liuguangfu/Documents/maven/apache-maven-3.5.4/repository/org/springframework/spring-core/4.3.13.RELEASE/spring-core-4.3.13.RELEASE.jar:/Users/liuguangfu/Documents/maven/apache-maven-3.5.4/repository/org/springframework/spring-test/4.3.13.RELEASE/spring-test-4.3.13.RELEASE.jar:/Users/liuguangfu/Documents/maven/apache-maven-3.5.4/repository/org/springframework/boot/spring-boot-starter-actuator/1.5.9.RELEASE/spring-boot-starter-actuator-1.5.9.RELEASE.jar:/Users/liuguangfu/Documents/maven/apache-maven-3.5.4/repository/org/springframework/boot/spring-boot-actuator/1.5.9.RELEASE/spring-boot-actuator-1.5.9.RELEASE.jar:/Users/liuguangfu/Documents/maven/apache-maven-3.5.4/repository/org/projectlombok/lombok/1.16.10/lombok-1.16.10.jar:"/>
    <property name="sun.cpu.endian" value="little"/>
    <property name="user.home" value="/Users/liuguangfu"/>
    <property name="user.language" value="zh"/>
    <property name="java.specification.vendor" value="Oracle Corporation"/>
    <property name="java.home" value="/Library/Java/JavaVirtualMachines/jdk1.8.0_152.jdk/Contents/Home/jre"/>
    <property name="basedir" value="/development/eclipse/eclipse-workspace/springboot-demo"/>
    <property name="file.separator" value="/"/>
    <property name="line.separator" value="&#10;"/>
    <property name="java.vm.specification.vendor" value="Oracle Corporation"/>
    <property name="java.specification.name" value="Java Platform API Specification"/>
    <property name="java.awt.graphicsenv" value="sun.awt.CGraphicsEnvironment"/>
    <property name="surefire.real.class.path" value="/development/eclipse/eclipse-workspace/springboot-demo/target/surefire/surefirebooter1041604894962222676.jar"/>
    <property name="sun.boot.class.path" value="/Library/Java/JavaVirtualMachines/jdk1.8.0_152.jdk/Contents/Home/jre/lib/resources.jar:/Library/Java/JavaVirtualMachines/jdk1.8.0_152.jdk/Contents/Home/jre/lib/rt.jar:/Library/Java/JavaVirtualMachines/jdk1.8.0_152.jdk/Contents/Home/jre/lib/sunrsasign.jar:/Library/Java/JavaVirtualMachines/jdk1.8.0_152.jdk/Contents/Home/jre/lib/jsse.jar:/Library/Java/JavaVirtualMachines/jdk1.8.0_152.jdk/Contents/Home/jre/lib/jce.jar:/Library/Java/JavaVirtualMachines/jdk1.8.0_152.jdk/Contents/Home/jre/lib/charsets.jar:/Library/Java/JavaVirtualMachines/jdk1.8.0_152.jdk/Contents/Home/jre/lib/jfr.jar:/Library/Java/JavaVirtualMachines/jdk1.8.0_152.jdk/Contents/Home/jre/classes"/>
    <property name="sun.management.compiler" value="HotSpot 64-Bit Tiered Compilers"/>
    <property name="java.runtime.version" value="1.8.0_152-b16"/>
    <property name="user.name" value="liuguangfu"/>
    <property name="path.separator" value=":"/>
    <property name="os.version" value="10.13.6"/>
    <property name="java.endorsed.dirs" value="/Library/Java/JavaVirtualMachines/jdk1.8.0_152.jdk/Contents/Home/jre/lib/endorsed"/>
    <property name="java.runtime.name" value="Java(TM) SE Runtime Environment"/>
    <property name="file.encoding" value="UTF-8"/>
    <property name="java.vm.name" value="Java HotSpot(TM) 64-Bit Server VM"/>
    <property name="localRepository" value="/Users/liuguangfu/Documents/maven/apache-maven-3.5.4/repository"/>
    <property name="java.vendor.url.bug" value="http://bugreport.sun.com/bugreport/"/>
    <property name="java.io.tmpdir" value="/var/folders/3d/gy07g4js00s8ps3jmtq56q2m0000gn/T/"/>
    <property name="java.version" value="1.8.0_152"/>
    <property name="user.dir" value="/development/eclipse/eclipse-workspace/springboot-demo"/>
    <property name="os.arch" value="x86_64"/>
    <property name="java.vm.specification.name" value="Java Virtual Machine Specification"/>
    <property name="java.awt.printerjob" value="sun.lwawt.macosx.CPrinterJob"/>
    <property name="sun.os.patch.level" value="unknown"/>
    <property name="java.library.path" value="/Users/liuguangfu/Library/Java/Extensions:/Library/Java/Extensions:/Network/Library/Java/Extensions:/System/Library/Java/Extensions:/usr/lib/java:."/>
    <property name="java.vm.info" value="mixed mode"/>
    <property name="java.vendor" value="Oracle Corporation"/>
    <property name="java.vm.version" value="25.152-b16"/>
    <property name="java.ext.dirs" value="/Users/liuguangfu/Library/Java/Extensions:/Library/Java/JavaVirtualMachines/jdk1.8.0_152.jdk/Contents/Home/jre/lib/ext:/Library/Java/Extensions:/Network/Library/Java/Extensions:/System/Library/Java/Extensions:/usr/lib/java"/>
    <property name="sun.io.unicode.encoding" value="UnicodeBig"/>
    <property name="java.class.version" value="52.0"/>
  </properties>
  <testcase name="testSaveUser" classname="com.zhss.springboot.dao.UserDAOImplTest" time="0.425"/>
  <testcase name="testUpdateUser" classname="com.zhss.springboot.dao.UserDAOImplTest" time="0.073"/>
  <testcase name="testListUsers" classname="com.zhss.springboot.dao.UserDAOImplTest" time="0.011"/>
  <testcase name="testRemoveUser" classname="com.zhss.springboot.dao.UserDAOImplTest" time="0.036"/>
  <testcase name="testGetUserById" classname="com.zhss.springboot.dao.UserDAOImplTest" time="0.009"/>
</testsuite>